# JRE version: OpenJDK Runtime Environment (11.0.8+10) (build 11.0.8+10-b944.6842174)
# Java VM: OpenJDK 64-Bit Server VM (11.0.8+10-b944.6842174, mixed mode, tiered, compressed oops, g1 gc, windows-amd64)
Heap:
 garbage-first heap   total 553984K, used 180663K [0x0000000080000000, 0x0000000100000000)
  region size 1024K, 8 young (8192K), 8 survivors (8192K)
 Metaspace       used 100623K, capacity 103197K, committed 103424K, reserved 1138688K
  class space    used 12743K, capacity 13695K, committed 13824K, reserved 1048576K
GC Heap History (20 events):
Event: 17.825 GC heap after
{Heap after GC invocations=26 (full 0):
 garbage-first heap   total 227328K, used 110294K [0x0000000080000000, 0x0000000100000000)
  region size 1024K, 5 young (5120K), 5 survivors (5120K)
 Metaspace       used 89725K, capacity 92035K, committed 92288K, reserved 1130496K
  class space    used 11294K, capacity 12106K, committed 12160K, reserved 1048576K
}
Event: 18.113 GC heap before
{Heap before GC invocations=27 (full 0):
 garbage-first heap   total 227328K, used 167638K [0x0000000080000000, 0x0000000100000000)
  region size 1024K, 73 young (74752K), 5 survivors (5120K)
 Metaspace       used 90257K, capacity 92435K, committed 92928K, reserved 1130496K
  class space    used 11350K, capacity 12113K, committed 12288K, reserved 1048576K
}
Event: 18.128 GC heap after
{Heap after GC invocations=28 (full 0):
 garbage-first heap   total 273408K, used 110171K [0x0000000080000000, 0x0000000100000000)
  region size 1024K, 10 young (10240K), 10 survivors (10240K)
 Metaspace       used 90257K, capacity 92435K, committed 92928K, reserved 1130496K
  class space    used 11350K, capacity 12113K, committed 12288K, reserved 1048576K
}
Event: 18.138 GC heap before
{Heap before GC invocations=28 (full 0):
 garbage-first heap   total 273408K, used 112219K [0x0000000080000000, 0x0000000100000000)
  region size 1024K, 13 young (13312K), 10 survivors (10240K)
 Metaspace       used 90345K, capacity 92499K, committed 92928K, reserved 1130496K
  class space    used 11359K, capacity 12113K, committed 12288K, reserved 1048576K
}
Event: 18.147 GC heap after
{Heap after GC invocations=29 (full 0):
 garbage-first heap   total 273408K, used 99981K [0x0000000080000000, 0x0000000100000000)
  region size 1024K, 2 young (2048K), 2 survivors (2048K)
 Metaspace       used 90345K, capacity 92499K, committed 92928K, reserved 1130496K
  class space    used 11359K, capacity 12113K, committed 12288K, reserved 1048576K
}
Event: 18.467 GC heap before
{Heap before GC invocations=29 (full 0):
 garbage-first heap   total 273408K, used 196237K [0x0000000080000000, 0x0000000100000000)
  region size 1024K, 97 young (99328K), 2 survivors (2048K)
 Metaspace       used 92644K, capacity 94921K, committed 94976K, reserved 1132544K
  class space    used 11707K, capacity 12527K, committed 12544K, reserved 1048576K
}
Event: 18.478 GC heap after
{Heap after GC invocations=30 (full 0):
 garbage-first heap   total 273408K, used 116409K [0x0000000080000000, 0x0000000100000000)
  region size 1024K, 13 young (13312K), 13 survivors (13312K)
 Metaspace       used 92644K, capacity 94921K, committed 94976K, reserved 1132544K
  class space    used 11707K, capacity 12527K, committed 12544K, reserved 1048576K
}
Event: 18.838 GC heap before
{Heap before GC invocations=30 (full 0):
 garbage-first heap   total 273408K, used 203449K [0x0000000080000000, 0x0000000100000000)
  region size 1024K, 99 young (101376K), 13 survivors (13312K)
 Metaspace       used 93696K, capacity 95998K, committed 96256K, reserved 1132544K
  class space    used 11856K, capacity 12694K, committed 12800K, reserved 1048576K
}
Event: 18.866 GC heap after
{Heap after GC invocations=31 (full 0):
 garbage-first heap   total 273408K, used 130757K [0x0000000080000000, 0x0000000100000000)
  region size 1024K, 13 young (13312K), 13 survivors (13312K)
 Metaspace       used 93696K, capacity 95998K, committed 96256K, reserved 1132544K
  class space    used 11856K, capacity 12694K, committed 12800K, reserved 1048576K
}
Event: 19.137 GC heap before
{Heap before GC invocations=31 (full 0):
 garbage-first heap   total 273408K, used 210629K [0x0000000080000000, 0x0000000100000000)
  region size 1024K, 91 young (93184K), 13 survivors (13312K)
 Metaspace       used 95103K, capacity 97495K, committed 97792K, reserved 1134592K
  class space    used 12076K, capacity 12966K, committed 13056K, reserved 1048576K
}
Event: 19.165 GC heap after
{Heap after GC invocations=32 (full 0):
 garbage-first heap   total 273408K, used 143913K [0x0000000080000000, 0x0000000100000000)
  region size 1024K, 12 young (12288K), 12 survivors (12288K)
 Metaspace       used 95103K, capacity 97495K, committed 97792K, reserved 1134592K
  class space    used 12076K, capacity 12966K, committed 13056K, reserved 1048576K
}
Event: 19.419 GC heap before
{Heap before GC invocations=32 (full 0):
 garbage-first heap   total 273408K, used 214569K [0x0000000080000000, 0x0000000100000000)
  region size 1024K, 82 young (83968K), 12 survivors (12288K)
 Metaspace       used 97239K, capacity 99801K, committed 99968K, reserved 1136640K
  class space    used 12420K, capacity 13373K, committed 13440K, reserved 1048576K
}
Event: 19.453 GC heap after
{Heap after GC invocations=33 (full 0):
 garbage-first heap   total 362496K, used 155963K [0x0000000080000000, 0x0000000100000000)
  region size 1024K, 11 young (11264K), 11 survivors (11264K)
 Metaspace       used 97239K, capacity 99801K, committed 99968K, reserved 1136640K
  class space    used 12420K, capacity 13373K, committed 13440K, reserved 1048576K
}
Event: 20.170 GC heap before
{Heap before GC invocations=34 (full 0):
 garbage-first heap   total 362496K, used 256315K [0x0000000080000000, 0x0000000100000000)
  region size 1024K, 110 young (112640K), 11 survivors (11264K)
 Metaspace       used 98687K, capacity 101188K, committed 101504K, reserved 1136640K
  class space    used 12582K, capacity 13520K, committed 13696K, reserved 1048576K
}
Event: 20.197 GC heap after
{Heap after GC invocations=35 (full 0):
 garbage-first heap   total 362496K, used 166286K [0x0000000080000000, 0x0000000100000000)
  region size 1024K, 10 young (10240K), 10 survivors (10240K)
 Metaspace       used 98687K, capacity 101188K, committed 101504K, reserved 1136640K
  class space    used 12582K, capacity 13520K, committed 13696K, reserved 1048576K
}
Event: 20.234 GC heap before
{Heap before GC invocations=35 (full 0):
 garbage-first heap   total 362496K, used 172430K [0x0000000080000000, 0x0000000100000000)
  region size 1024K, 17 young (17408K), 10 survivors (10240K)
 Metaspace       used 98905K, capacity 101440K, committed 101760K, reserved 1136640K
  class space    used 12604K, capacity 13562K, committed 13696K, reserved 1048576K
}
Event: 20.249 GC heap after
{Heap after GC invocations=36 (full 0):
 garbage-first heap   total 362496K, used 167364K [0x0000000080000000, 0x0000000100000000)
  region size 1024K, 2 young (2048K), 2 survivors (2048K)
 Metaspace       used 98905K, capacity 101440K, committed 101760K, reserved 1136640K
  class space    used 12604K, capacity 13562K, committed 13696K, reserved 1048576K
}
Event: 20.698 GC heap before
{Heap before GC invocations=36 (full 0):
 garbage-first heap   total 362496K, used 267716K [0x0000000080000000, 0x0000000100000000)
  region size 1024K, 101 young (103424K), 2 survivors (2048K)
 Metaspace       used 100605K, capacity 103201K, committed 103424K, reserved 1138688K
  class space    used 12762K, capacity 13758K, committed 13824K, reserved 1048576K
}
Event: 20.716 GC heap after
{Heap after GC invocations=37 (full 0):
 garbage-first heap   total 362496K, used 173264K [0x0000000080000000, 0x0000000100000000)
  region size 1024K, 8 young (8192K), 8 survivors (8192K)
 Metaspace       used 100605K, capacity 103201K, committed 103424K, reserved 1138688K
  class space    used 12762K, capacity 13758K, committed 13824K, reserved 1048576K
}
Event: 21.373 GC heap before
{Heap before GC invocations=38 (full 0):
 garbage-first heap   total 362496K, used 274640K [0x0000000080000000, 0x0000000100000000)
  region size 1024K, 108 young (110592K), 8 survivors (8192K)
 Metaspace       used 100623K, capacity 103197K, committed 103424K, reserved 1138688K
  class space    used 12743K, capacity 13695K, committed 13824K, reserved 1048576K
}

