# JRE version: OpenJDK Runtime Environment (11.0.8+10) (build 11.0.8+10-b944.6842174)
# Java VM: OpenJDK 64-Bit Server VM (11.0.8+10-b944.6842174, mixed mode, tiered, compressed oops, g1 gc, windows-amd64)
Heap:
 garbage-first heap   total 395264K, used 279888K [0x0000000080000000, 0x0000000100000000)
  region size 1024K, 91 young (93184K), 8 survivors (8192K)
 Metaspace       used 161816K, capacity 166345K, committed 166476K, reserved 1193984K
  class space    used 19893K, capacity 21467K, committed 21580K, reserved 1048576K
GC Heap History (20 events):
Event: 285.881 GC heap before
{Heap before GC invocations=130 (full 0):
 garbage-first heap   total 273408K, used 226279K [0x0000000080000000, 0x0000000100000000)
  region size 1024K, 81 young (82944K), 9 survivors (9216K)
 Metaspace       used 153530K, capacity 157818K, committed 158156K, reserved 1187840K
  class space    used 18891K, capacity 20342K, committed 20428K, reserved 1048576K
}
Event: 285.900 GC heap after
{Heap after GC invocations=131 (full 0):
 garbage-first heap   total 328704K, used 165596K [0x0000000080000000, 0x0000000100000000)
  region size 1024K, 11 young (11264K), 11 survivors (11264K)
 Metaspace       used 153530K, capacity 157818K, committed 158156K, reserved 1187840K
  class space    used 18891K, capacity 20342K, committed 20428K, reserved 1048576K
}
Event: 285.939 GC heap before
{Heap before GC invocations=131 (full 0):
 garbage-first heap   total 328704K, used 170716K [0x0000000080000000, 0x0000000100000000)
  region size 1024K, 16 young (16384K), 11 survivors (11264K)
 Metaspace       used 154024K, capacity 158305K, committed 158540K, reserved 1187840K
  class space    used 18953K, capacity 20419K, committed 20556K, reserved 1048576K
}
Event: 285.954 GC heap after
{Heap after GC invocations=132 (full 0):
 garbage-first heap   total 328704K, used 161277K [0x0000000080000000, 0x0000000100000000)
  region size 1024K, 2 young (2048K), 2 survivors (2048K)
 Metaspace       used 154024K, capacity 158305K, committed 158540K, reserved 1187840K
  class space    used 18953K, capacity 20419K, committed 20556K, reserved 1048576K
}
Event: 286.405 GC heap before
{Heap before GC invocations=132 (full 0):
 garbage-first heap   total 328704K, used 253437K [0x0000000080000000, 0x0000000100000000)
  region size 1024K, 93 young (95232K), 2 survivors (2048K)
 Metaspace       used 157617K, capacity 162082K, committed 162252K, reserved 1189888K
  class space    used 19554K, capacity 21098K, committed 21196K, reserved 1048576K
}
Event: 286.423 GC heap after
{Heap after GC invocations=133 (full 0):
 garbage-first heap   total 328704K, used 173485K [0x0000000080000000, 0x0000000100000000)
  region size 1024K, 12 young (12288K), 12 survivors (12288K)
 Metaspace       used 157617K, capacity 162082K, committed 162252K, reserved 1189888K
  class space    used 19554K, capacity 21098K, committed 21196K, reserved 1048576K
}
Event: 286.760 GC heap before
{Heap before GC invocations=133 (full 0):
 garbage-first heap   total 328704K, used 259501K [0x0000000080000000, 0x0000000100000000)
  region size 1024K, 97 young (99328K), 12 survivors (12288K)
 Metaspace       used 158618K, capacity 163082K, committed 163148K, reserved 1191936K
  class space    used 19709K, capacity 21258K, committed 21324K, reserved 1048576K
}
Event: 286.778 GC heap after
{Heap after GC invocations=134 (full 0):
 garbage-first heap   total 328704K, used 178442K [0x0000000080000000, 0x0000000100000000)
  region size 1024K, 5 young (5120K), 5 survivors (5120K)
 Metaspace       used 158618K, capacity 163082K, committed 163148K, reserved 1191936K
  class space    used 19709K, capacity 21258K, committed 21324K, reserved 1048576K
}
Event: 287.214 GC heap before
{Heap before GC invocations=134 (full 0):
 garbage-first heap   total 328704K, used 247050K [0x0000000080000000, 0x0000000100000000)
  region size 1024K, 73 young (74752K), 5 survivors (5120K)
 Metaspace       used 159901K, capacity 164400K, committed 164556K, reserved 1191936K
  class space    used 19805K, capacity 21352K, committed 21452K, reserved 1048576K
}
Event: 287.228 GC heap after
{Heap after GC invocations=135 (full 0):
 garbage-first heap   total 395264K, used 180671K [0x0000000080000000, 0x0000000100000000)
  region size 1024K, 7 young (7168K), 7 survivors (7168K)
 Metaspace       used 159901K, capacity 164400K, committed 164556K, reserved 1191936K
  class space    used 19805K, capacity 21352K, committed 21452K, reserved 1048576K
}
Event: 288.134 GC heap before
{Heap before GC invocations=136 (full 0):
 garbage-first heap   total 395264K, used 297407K [0x0000000080000000, 0x0000000100000000)
  region size 1024K, 120 young (122880K), 7 survivors (7168K)
 Metaspace       used 160675K, capacity 165190K, committed 165452K, reserved 1193984K
  class space    used 19863K, capacity 21405K, committed 21580K, reserved 1048576K
}
Event: 288.147 GC heap after
{Heap after GC invocations=137 (full 0):
 garbage-first heap   total 395264K, used 184864K [0x0000000080000000, 0x0000000100000000)
  region size 1024K, 11 young (11264K), 11 survivors (11264K)
 Metaspace       used 160675K, capacity 165190K, committed 165452K, reserved 1193984K
  class space    used 19863K, capacity 21405K, committed 21580K, reserved 1048576K
}
Event: 288.651 GC heap before
{Heap before GC invocations=137 (full 0):
 garbage-first heap   total 395264K, used 302624K [0x0000000080000000, 0x0000000100000000)
  region size 1024K, 127 young (130048K), 11 survivors (11264K)
 Metaspace       used 160980K, capacity 165476K, committed 165708K, reserved 1193984K
  class space    used 19884K, capacity 21432K, committed 21580K, reserved 1048576K
}
Event: 288.676 GC heap after
{Heap after GC invocations=138 (full 0):
 garbage-first heap   total 395264K, used 189120K [0x0000000080000000, 0x0000000100000000)
  region size 1024K, 13 young (13312K), 13 survivors (13312K)
 Metaspace       used 160980K, capacity 165476K, committed 165708K, reserved 1193984K
  class space    used 19884K, capacity 21432K, committed 21580K, reserved 1048576K
}
Event: 289.307 GC heap before
{Heap before GC invocations=139 (full 0):
 garbage-first heap   total 395264K, used 309952K [0x0000000080000000, 0x0000000100000000)
  region size 1024K, 131 young (134144K), 13 survivors (13312K)
 Metaspace       used 161474K, capacity 166016K, committed 166220K, reserved 1193984K
  class space    used 19885K, capacity 21433K, committed 21580K, reserved 1048576K
}
Event: 289.323 GC heap after
{Heap after GC invocations=140 (full 0):
 garbage-first heap   total 395264K, used 190417K [0x0000000080000000, 0x0000000100000000)
  region size 1024K, 12 young (12288K), 12 survivors (12288K)
 Metaspace       used 161474K, capacity 166016K, committed 166220K, reserved 1193984K
  class space    used 19885K, capacity 21433K, committed 21580K, reserved 1048576K
}
Event: 289.337 GC heap before
{Heap before GC invocations=140 (full 0):
 garbage-first heap   total 395264K, used 196561K [0x0000000080000000, 0x0000000100000000)
  region size 1024K, 19 young (19456K), 12 survivors (12288K)
 Metaspace       used 161474K, capacity 166016K, committed 166220K, reserved 1193984K
  class space    used 19885K, capacity 21433K, committed 21580K, reserved 1048576K
}
Event: 289.349 GC heap after
{Heap after GC invocations=141 (full 0):
 garbage-first heap   total 395264K, used 191024K [0x0000000080000000, 0x0000000100000000)
  region size 1024K, 3 young (3072K), 3 survivors (3072K)
 Metaspace       used 161474K, capacity 166016K, committed 166220K, reserved 1193984K
  class space    used 19885K, capacity 21433K, committed 21580K, reserved 1048576K
}
Event: 289.641 GC heap before
{Heap before GC invocations=141 (full 0):
 garbage-first heap   total 395264K, used 315952K [0x0000000080000000, 0x0000000100000000)
  region size 1024K, 126 young (129024K), 3 survivors (3072K)
 Metaspace       used 161709K, capacity 166268K, committed 166476K, reserved 1193984K
  class space    used 19893K, capacity 21467K, committed 21580K, reserved 1048576K
}
Event: 289.652 GC heap after
{Heap after GC invocations=142 (full 0):
 garbage-first heap   total 395264K, used 195920K [0x0000000080000000, 0x0000000100000000)
  region size 1024K, 8 young (8192K), 8 survivors (8192K)
 Metaspace       used 161709K, capacity 166268K, committed 166476K, reserved 1193984K
  class space    used 19893K, capacity 21467K, committed 21580K, reserved 1048576K
}

