# JRE version: OpenJDK Runtime Environment (11.0.8+10) (build 11.0.8+10-b944.6842174)
# Java VM: OpenJDK 64-Bit Server VM (11.0.8+10-b944.6842174, mixed mode, tiered, compressed oops, g1 gc, windows-amd64)
Heap:
 garbage-first heap   total 503808K, used 173976K [0x0000000080000000, 0x0000000100000000)
  region size 1024K, 10 young (10240K), 10 survivors (10240K)
 Metaspace       used 101444K, capacity 104046K, committed 104704K, reserved 1140736K
  class space    used 12868K, capacity 13843K, committed 14080K, reserved 1048576K
GC Heap History (20 events):
Event: 24.594 GC heap after
{Heap after GC invocations=35 (full 0):
 garbage-first heap   total 227328K, used 102243K [0x0000000080000000, 0x0000000100000000)
  region size 1024K, 8 young (8192K), 8 survivors (8192K)
 Metaspace       used 90181K, capacity 92317K, committed 92544K, reserved 1130496K
  class space    used 11300K, capacity 12051K, committed 12160K, reserved 1048576K
}
Event: 24.828 GC heap before
{Heap before GC invocations=35 (full 0):
 garbage-first heap   total 227328K, used 179043K [0x0000000080000000, 0x0000000100000000)
  region size 1024K, 83 young (84992K), 8 survivors (8192K)
 Metaspace       used 90293K, capacity 92455K, committed 92800K, reserved 1130496K
  class space    used 11304K, capacity 12054K, committed 12160K, reserved 1048576K
}
Event: 24.836 GC heap after
{Heap after GC invocations=36 (full 0):
 garbage-first heap   total 273408K, used 102722K [0x0000000080000000, 0x0000000100000000)
  region size 1024K, 5 young (5120K), 5 survivors (5120K)
 Metaspace       used 90293K, capacity 92455K, committed 92800K, reserved 1130496K
  class space    used 11304K, capacity 12054K, committed 12160K, reserved 1048576K
}
Event: 25.246 GC heap before
{Heap before GC invocations=36 (full 0):
 garbage-first heap   total 273408K, used 211266K [0x0000000080000000, 0x0000000100000000)
  region size 1024K, 104 young (106496K), 5 survivors (5120K)
 Metaspace       used 91551K, capacity 93735K, committed 93952K, reserved 1130496K
  class space    used 11484K, capacity 12258K, committed 12288K, reserved 1048576K
}
Event: 25.256 GC heap after
{Heap after GC invocations=37 (full 0):
 garbage-first heap   total 273408K, used 108718K [0x0000000080000000, 0x0000000100000000)
  region size 1024K, 9 young (9216K), 9 survivors (9216K)
 Metaspace       used 91551K, capacity 93735K, committed 93952K, reserved 1130496K
  class space    used 11484K, capacity 12258K, committed 12288K, reserved 1048576K
}
Event: 25.653 GC heap before
{Heap before GC invocations=37 (full 0):
 garbage-first heap   total 273408K, used 213166K [0x0000000080000000, 0x0000000100000000)
  region size 1024K, 113 young (115712K), 9 survivors (9216K)
 Metaspace       used 93977K, capacity 96345K, committed 96384K, reserved 1132544K
  class space    used 11843K, capacity 12668K, committed 12672K, reserved 1048576K
}
Event: 25.669 GC heap after
{Heap after GC invocations=38 (full 0):
 garbage-first heap   total 273408K, used 122002K [0x0000000080000000, 0x0000000100000000)
  region size 1024K, 14 young (14336K), 14 survivors (14336K)
 Metaspace       used 93977K, capacity 96345K, committed 96384K, reserved 1132544K
  class space    used 11843K, capacity 12668K, committed 12672K, reserved 1048576K
}
Event: 26.105 GC heap before
{Heap before GC invocations=38 (full 0):
 garbage-first heap   total 273408K, used 217234K [0x0000000080000000, 0x0000000100000000)
  region size 1024K, 108 young (110592K), 14 survivors (14336K)
 Metaspace       used 96914K, capacity 99437K, committed 99712K, reserved 1136640K
  class space    used 12337K, capacity 13315K, committed 13440K, reserved 1048576K
}
Event: 26.133 GC heap after
{Heap after GC invocations=39 (full 0):
 garbage-first heap   total 273408K, used 134016K [0x0000000080000000, 0x0000000100000000)
  region size 1024K, 14 young (14336K), 14 survivors (14336K)
 Metaspace       used 96914K, capacity 99437K, committed 99712K, reserved 1136640K
  class space    used 12337K, capacity 13315K, committed 13440K, reserved 1048576K
}
Event: 26.482 GC heap before
{Heap before GC invocations=39 (full 0):
 garbage-first heap   total 273408K, used 217984K [0x0000000080000000, 0x0000000100000000)
  region size 1024K, 96 young (98304K), 14 survivors (14336K)
 Metaspace       used 99279K, capacity 101973K, committed 102144K, reserved 1138688K
  class space    used 12731K, capacity 13757K, committed 13824K, reserved 1048576K
}
Event: 26.512 GC heap after
{Heap after GC invocations=40 (full 0):
 garbage-first heap   total 273408K, used 145053K [0x0000000080000000, 0x0000000100000000)
  region size 1024K, 12 young (12288K), 12 survivors (12288K)
 Metaspace       used 99279K, capacity 101973K, committed 102144K, reserved 1138688K
  class space    used 12731K, capacity 13757K, committed 13824K, reserved 1048576K
}
Event: 26.813 GC heap before
{Heap before GC invocations=40 (full 0):
 garbage-first heap   total 273408K, used 218781K [0x0000000080000000, 0x0000000100000000)
  region size 1024K, 85 young (87040K), 12 survivors (12288K)
 Metaspace       used 99992K, capacity 102687K, committed 102784K, reserved 1138688K
  class space    used 12820K, capacity 13863K, committed 13952K, reserved 1048576K
}
Event: 26.838 GC heap after
{Heap after GC invocations=41 (full 0):
 garbage-first heap   total 359424K, used 152133K [0x0000000080000000, 0x0000000100000000)
  region size 1024K, 8 young (8192K), 8 survivors (8192K)
 Metaspace       used 99992K, capacity 102687K, committed 102784K, reserved 1138688K
  class space    used 12820K, capacity 13863K, committed 13952K, reserved 1048576K
}
Event: 27.510 GC heap before
{Heap before GC invocations=42 (full 0):
 garbage-first heap   total 359424K, used 263749K [0x0000000080000000, 0x0000000100000000)
  region size 1024K, 118 young (120832K), 8 survivors (8192K)
 Metaspace       used 101249K, capacity 103829K, committed 104448K, reserved 1140736K
  class space    used 12850K, capacity 13794K, committed 14080K, reserved 1048576K
}
Event: 27.535 GC heap after
{Heap after GC invocations=43 (full 0):
 garbage-first heap   total 359424K, used 161310K [0x0000000080000000, 0x0000000100000000)
  region size 1024K, 15 young (15360K), 15 survivors (15360K)
 Metaspace       used 101249K, capacity 103829K, committed 104448K, reserved 1140736K
  class space    used 12850K, capacity 13794K, committed 14080K, reserved 1048576K
}
Event: 27.542 GC heap before
{Heap before GC invocations=43 (full 0):
 garbage-first heap   total 359424K, used 163358K [0x0000000080000000, 0x0000000100000000)
  region size 1024K, 17 young (17408K), 15 survivors (15360K)
 Metaspace       used 101250K, capacity 103829K, committed 104448K, reserved 1140736K
  class space    used 12850K, capacity 13794K, committed 14080K, reserved 1048576K
}
Event: 27.560 GC heap after
{Heap after GC invocations=44 (full 0):
 garbage-first heap   total 359424K, used 150162K [0x0000000080000000, 0x0000000100000000)
  region size 1024K, 3 young (3072K), 3 survivors (3072K)
 Metaspace       used 101250K, capacity 103829K, committed 104448K, reserved 1140736K
  class space    used 12850K, capacity 13794K, committed 14080K, reserved 1048576K
}
Event: 27.947 GC heap before
{Heap before GC invocations=44 (full 0):
 garbage-first heap   total 359424K, used 274066K [0x0000000080000000, 0x0000000100000000)
  region size 1024K, 125 young (128000K), 3 survivors (3072K)
 Metaspace       used 101299K, capacity 103907K, committed 104448K, reserved 1140736K
  class space    used 12854K, capacity 13798K, committed 14080K, reserved 1048576K
}
Event: 27.970 GC heap after
{Heap after GC invocations=45 (full 0):
 garbage-first heap   total 359424K, used 165888K [0x0000000080000000, 0x0000000100000000)
  region size 1024K, 16 young (16384K), 16 survivors (16384K)
 Metaspace       used 101299K, capacity 103907K, committed 104448K, reserved 1140736K
  class space    used 12854K, capacity 13798K, committed 14080K, reserved 1048576K
}
Event: 28.376 GC heap before
{Heap before GC invocations=45 (full 0):
 garbage-first heap   total 359424K, used 277504K [0x0000000080000000, 0x0000000100000000)
  region size 1024K, 126 young (129024K), 16 survivors (16384K)
 Metaspace       used 101444K, capacity 104046K, committed 104704K, reserved 1140736K
  class space    used 12868K, capacity 13843K, committed 14080K, reserved 1048576K
}

