# JRE version: OpenJDK Runtime Environment (11.0.8+10) (build 11.0.8+10-b944.6842174)
# Java VM: OpenJDK 64-Bit Server VM (11.0.8+10-b944.6842174, mixed mode, tiered, compressed oops, g1 gc, windows-amd64)
Heap:
 garbage-first heap   total 331776K, used 202497K [0x0000000080000000, 0x0000000100000000)
  region size 1024K, 61 young (62464K), 5 survivors (5120K)
 Metaspace       used 92981K, capacity 95250K, committed 96256K, reserved 1132544K
  class space    used 12063K, capacity 12920K, committed 13312K, reserved 1048576K
GC Heap History (20 events):
Event: 13.584 GC heap before
{Heap before GC invocations=17 (full 0):
 garbage-first heap   total 227328K, used 176741K [0x0000000080000000, 0x0000000100000000)
  region size 1024K, 113 young (115712K), 8 survivors (8192K)
 Metaspace       used 84089K, capacity 86201K, committed 86528K, reserved 1124352K
  class space    used 10933K, capacity 11697K, committed 11776K, reserved 1048576K
}
Event: 13.600 GC heap after
{Heap after GC invocations=18 (full 0):
 garbage-first heap   total 227328K, used 88119K [0x0000000080000000, 0x0000000100000000)
  region size 1024K, 14 young (14336K), 14 survivors (14336K)
 Metaspace       used 84089K, capacity 86201K, committed 86528K, reserved 1124352K
  class space    used 10933K, capacity 11697K, committed 11776K, reserved 1048576K
}
Event: 14.013 GC heap before
{Heap before GC invocations=18 (full 0):
 garbage-first heap   total 227328K, used 175159K [0x0000000080000000, 0x0000000100000000)
  region size 1024K, 98 young (100352K), 14 survivors (14336K)
 Metaspace       used 86919K, capacity 89279K, committed 89600K, reserved 1126400K
  class space    used 11355K, capacity 12199K, committed 12288K, reserved 1048576K
}
Event: 14.036 GC heap after
{Heap after GC invocations=19 (full 0):
 garbage-first heap   total 227328K, used 103611K [0x0000000080000000, 0x0000000100000000)
  region size 1024K, 13 young (13312K), 13 survivors (13312K)
 Metaspace       used 86919K, capacity 89279K, committed 89600K, reserved 1126400K
  class space    used 11355K, capacity 12199K, committed 12288K, reserved 1048576K
}
Event: 14.321 GC heap before
{Heap before GC invocations=19 (full 0):
 garbage-first heap   total 227328K, used 174267K [0x0000000080000000, 0x0000000100000000)
  region size 1024K, 82 young (83968K), 13 survivors (13312K)
 Metaspace       used 87669K, capacity 90025K, committed 90240K, reserved 1126400K
  class space    used 11437K, capacity 12297K, committed 12416K, reserved 1048576K
}
Event: 14.352 GC heap after
{Heap after GC invocations=20 (full 0):
 garbage-first heap   total 227328K, used 116322K [0x0000000080000000, 0x0000000100000000)
  region size 1024K, 11 young (11264K), 11 survivors (11264K)
 Metaspace       used 87669K, capacity 90025K, committed 90240K, reserved 1126400K
  class space    used 11437K, capacity 12297K, committed 12416K, reserved 1048576K
}
Event: 14.541 GC heap before
{Heap before GC invocations=20 (full 0):
 garbage-first heap   total 227328K, used 175714K [0x0000000080000000, 0x0000000100000000)
  region size 1024K, 70 young (71680K), 11 survivors (11264K)
 Metaspace       used 88888K, capacity 91347K, committed 91392K, reserved 1128448K
  class space    used 11633K, capacity 12537K, committed 12544K, reserved 1048576K
}
Event: 14.577 GC heap after
{Heap after GC invocations=21 (full 0):
 garbage-first heap   total 227328K, used 129024K [0x0000000080000000, 0x0000000100000000)
  region size 1024K, 9 young (9216K), 9 survivors (9216K)
 Metaspace       used 88888K, capacity 91347K, committed 91392K, reserved 1128448K
  class space    used 11633K, capacity 12537K, committed 12544K, reserved 1048576K
}
Event: 14.849 GC heap before
{Heap before GC invocations=21 (full 0):
 garbage-first heap   total 227328K, used 179200K [0x0000000080000000, 0x0000000100000000)
  region size 1024K, 59 young (60416K), 9 survivors (9216K)
 Metaspace       used 90904K, capacity 93450K, committed 93696K, reserved 1130496K
  class space    used 11984K, capacity 12945K, committed 13056K, reserved 1048576K
}
Event: 14.876 GC heap after
{Heap after GC invocations=22 (full 0):
 garbage-first heap   total 276480K, used 138897K [0x0000000080000000, 0x0000000100000000)
  region size 1024K, 8 young (8192K), 8 survivors (8192K)
 Metaspace       used 90904K, capacity 93450K, committed 93696K, reserved 1130496K
  class space    used 11984K, capacity 12945K, committed 13056K, reserved 1048576K
}
Event: 15.424 GC heap before
{Heap before GC invocations=23 (full 0):
 garbage-first heap   total 276480K, used 208529K [0x0000000080000000, 0x0000000100000000)
  region size 1024K, 76 young (77824K), 8 survivors (8192K)
 Metaspace       used 91765K, capacity 94077K, committed 94848K, reserved 1130496K
  class space    used 12017K, capacity 12858K, committed 13184K, reserved 1048576K
}
Event: 15.442 GC heap after
{Heap after GC invocations=24 (full 0):
 garbage-first heap   total 276480K, used 143222K [0x0000000080000000, 0x0000000100000000)
  region size 1024K, 4 young (4096K), 4 survivors (4096K)
 Metaspace       used 91765K, capacity 94077K, committed 94848K, reserved 1130496K
  class space    used 12017K, capacity 12858K, committed 13184K, reserved 1048576K
}
Event: 15.724 GC heap before
{Heap before GC invocations=24 (full 0):
 garbage-first heap   total 276480K, used 212854K [0x0000000080000000, 0x0000000100000000)
  region size 1024K, 72 young (73728K), 4 survivors (4096K)
 Metaspace       used 92165K, capacity 94500K, committed 95360K, reserved 1132544K
  class space    used 12063K, capacity 12911K, committed 13184K, reserved 1048576K
}
Event: 15.737 GC heap after
{Heap after GC invocations=25 (full 0):
 garbage-first heap   total 276480K, used 145089K [0x0000000080000000, 0x0000000100000000)
  region size 1024K, 6 young (6144K), 6 survivors (6144K)
 Metaspace       used 92165K, capacity 94500K, committed 95360K, reserved 1132544K
  class space    used 12063K, capacity 12911K, committed 13184K, reserved 1048576K
}
Event: 16.143 GC heap before
{Heap before GC invocations=25 (full 0):
 garbage-first heap   total 276480K, used 216769K [0x0000000080000000, 0x0000000100000000)
  region size 1024K, 76 young (77824K), 6 survivors (6144K)
 Metaspace       used 92404K, capacity 94682K, committed 95616K, reserved 1132544K
  class space    used 12047K, capacity 12885K, committed 13184K, reserved 1048576K
}
Event: 16.152 GC heap after
{Heap after GC invocations=26 (full 0):
 garbage-first heap   total 276480K, used 145363K [0x0000000080000000, 0x0000000100000000)
  region size 1024K, 6 young (6144K), 6 survivors (6144K)
 Metaspace       used 92404K, capacity 94682K, committed 95616K, reserved 1132544K
  class space    used 12047K, capacity 12885K, committed 13184K, reserved 1048576K
}
Event: 16.406 GC heap before
{Heap before GC invocations=27 (full 0):
 garbage-first heap   total 276480K, used 218067K [0x0000000080000000, 0x0000000100000000)
  region size 1024K, 78 young (79872K), 6 survivors (6144K)
 Metaspace       used 92442K, capacity 94683K, committed 95616K, reserved 1132544K
  class space    used 12047K, capacity 12885K, committed 13184K, reserved 1048576K
}
Event: 16.416 GC heap after
{Heap after GC invocations=28 (full 0):
 garbage-first heap   total 276480K, used 145276K [0x0000000080000000, 0x0000000100000000)
  region size 1024K, 4 young (4096K), 4 survivors (4096K)
 Metaspace       used 92442K, capacity 94683K, committed 95616K, reserved 1132544K
  class space    used 12047K, capacity 12885K, committed 13184K, reserved 1048576K
}
Event: 16.678 GC heap before
{Heap before GC invocations=28 (full 0):
 garbage-first heap   total 276480K, used 222076K [0x0000000080000000, 0x0000000100000000)
  region size 1024K, 79 young (80896K), 4 survivors (4096K)
 Metaspace       used 92578K, capacity 94820K, committed 95616K, reserved 1132544K
  class space    used 12058K, capacity 12888K, committed 13184K, reserved 1048576K
}
Event: 16.688 GC heap after
{Heap after GC invocations=29 (full 0):
 garbage-first heap   total 331776K, used 146177K [0x0000000080000000, 0x0000000100000000)
  region size 1024K, 5 young (5120K), 5 survivors (5120K)
 Metaspace       used 92578K, capacity 94820K, committed 95616K, reserved 1132544K
  class space    used 12058K, capacity 12888K, committed 13184K, reserved 1048576K
}

