# JRE version: OpenJDK Runtime Environment (11.0.8+10) (build 11.0.8+10-b944.6842174)
# Java VM: OpenJDK 64-Bit Server VM (11.0.8+10-b944.6842174, mixed mode, tiered, compressed oops, g1 gc, windows-amd64)
Heap:
 garbage-first heap   total 585728K, used 166972K [0x0000000080000000, 0x0000000100000000)
  region size 1024K, 13 young (13312K), 13 survivors (13312K)
 Metaspace       used 95010K, capacity 97571K, committed 97868K, reserved 1134592K
  class space    used 12278K, capacity 13253K, committed 13440K, reserved 1048576K
GC Heap History (20 events):
Event: 16.186 GC heap after
{Heap after GC invocations=28 (full 0):
 garbage-first heap   total 275456K, used 124645K [0x0000000080000000, 0x0000000100000000)
  region size 1024K, 8 young (8192K), 8 survivors (8192K)
 Metaspace       used 91848K, capacity 94079K, committed 95052K, reserved 1130496K
  class space    used 11963K, capacity 12801K, committed 13184K, reserved 1048576K
}
Event: 16.469 GC heap before
{Heap before GC invocations=28 (full 0):
 garbage-first heap   total 275456K, used 221925K [0x0000000080000000, 0x0000000100000000)
  region size 1024K, 103 young (105472K), 8 survivors (8192K)
 Metaspace       used 92193K, capacity 94414K, committed 95564K, reserved 1132544K
  class space    used 11963K, capacity 12801K, committed 13184K, reserved 1048576K
}
Event: 16.485 GC heap after
{Heap after GC invocations=29 (full 0):
 garbage-first heap   total 275456K, used 126168K [0x0000000080000000, 0x0000000100000000)
  region size 1024K, 9 young (9216K), 9 survivors (9216K)
 Metaspace       used 92193K, capacity 94414K, committed 95564K, reserved 1132544K
  class space    used 11963K, capacity 12801K, committed 13184K, reserved 1048576K
}
Event: 16.846 GC heap before
{Heap before GC invocations=29 (full 0):
 garbage-first heap   total 275456K, used 227544K [0x0000000080000000, 0x0000000100000000)
  region size 1024K, 109 young (111616K), 9 survivors (9216K)
 Metaspace       used 92896K, capacity 95166K, committed 96204K, reserved 1132544K
  class space    used 12039K, capacity 12901K, committed 13312K, reserved 1048576K
}
Event: 16.862 GC heap after
{Heap after GC invocations=30 (full 0):
 garbage-first heap   total 330752K, used 128042K [0x0000000080000000, 0x0000000100000000)
  region size 1024K, 9 young (9216K), 9 survivors (9216K)
 Metaspace       used 92896K, capacity 95166K, committed 96204K, reserved 1132544K
  class space    used 12039K, capacity 12901K, committed 13312K, reserved 1048576K
}
Event: 17.322 GC heap before
{Heap before GC invocations=30 (full 0):
 garbage-first heap   total 330752K, used 259114K [0x0000000080000000, 0x0000000100000000)
  region size 1024K, 136 young (139264K), 9 survivors (9216K)
 Metaspace       used 94283K, capacity 96857K, committed 97228K, reserved 1132544K
  class space    used 12226K, capacity 13182K, committed 13312K, reserved 1048576K
}
Event: 17.335 GC heap after
{Heap after GC invocations=31 (full 0):
 garbage-first heap   total 330752K, used 126822K [0x0000000080000000, 0x0000000100000000)
  region size 1024K, 8 young (8192K), 8 survivors (8192K)
 Metaspace       used 94283K, capacity 96857K, committed 97228K, reserved 1132544K
  class space    used 12226K, capacity 13182K, committed 13312K, reserved 1048576K
}
Event: 17.686 GC heap before
{Heap before GC invocations=31 (full 0):
 garbage-first heap   total 330752K, used 276326K [0x0000000080000000, 0x0000000100000000)
  region size 1024K, 153 young (156672K), 8 survivors (8192K)
 Metaspace       used 94368K, capacity 96930K, committed 97228K, reserved 1132544K
  class space    used 12227K, capacity 13183K, committed 13312K, reserved 1048576K
}
Event: 17.704 GC heap after
{Heap after GC invocations=32 (full 0):
 garbage-first heap   total 330752K, used 134595K [0x0000000080000000, 0x0000000100000000)
  region size 1024K, 15 young (15360K), 15 survivors (15360K)
 Metaspace       used 94368K, capacity 96930K, committed 97228K, reserved 1132544K
  class space    used 12227K, capacity 13183K, committed 13312K, reserved 1048576K
}
Event: 18.065 GC heap before
{Heap before GC invocations=32 (full 0):
 garbage-first heap   total 330752K, used 276931K [0x0000000080000000, 0x0000000100000000)
  region size 1024K, 155 young (158720K), 15 survivors (15360K)
 Metaspace       used 94469K, capacity 97009K, committed 97228K, reserved 1132544K
  class space    used 12227K, capacity 13183K, committed 13312K, reserved 1048576K
}
Event: 18.091 GC heap after
{Heap after GC invocations=33 (full 0):
 garbage-first heap   total 330752K, used 141425K [0x0000000080000000, 0x0000000100000000)
  region size 1024K, 17 young (17408K), 17 survivors (17408K)
 Metaspace       used 94469K, capacity 97009K, committed 97228K, reserved 1132544K
  class space    used 12227K, capacity 13183K, committed 13312K, reserved 1048576K
}
Event: 18.397 GC heap before
{Heap before GC invocations=33 (full 0):
 garbage-first heap   total 330752K, used 274545K [0x0000000080000000, 0x0000000100000000)
  region size 1024K, 148 young (151552K), 17 survivors (17408K)
 Metaspace       used 94590K, capacity 97118K, committed 97484K, reserved 1134592K
  class space    used 12232K, capacity 13189K, committed 13312K, reserved 1048576K
}
Event: 18.421 GC heap after
{Heap after GC invocations=34 (full 0):
 garbage-first heap   total 420864K, used 147708K [0x0000000080000000, 0x0000000100000000)
  region size 1024K, 18 young (18432K), 18 survivors (18432K)
 Metaspace       used 94590K, capacity 97118K, committed 97484K, reserved 1134592K
  class space    used 12232K, capacity 13189K, committed 13312K, reserved 1048576K
}
Event: 18.788 GC heap before
{Heap before GC invocations=34 (full 0):
 garbage-first heap   total 420864K, used 341244K [0x0000000080000000, 0x0000000100000000)
  region size 1024K, 208 young (212992K), 18 survivors (18432K)
 Metaspace       used 94706K, capacity 97250K, committed 97484K, reserved 1134592K
  class space    used 12239K, capacity 13189K, committed 13312K, reserved 1048576K
}
Event: 18.815 GC heap after
{Heap after GC invocations=35 (full 0):
 garbage-first heap   total 420864K, used 157365K [0x0000000080000000, 0x0000000100000000)
  region size 1024K, 21 young (21504K), 21 survivors (21504K)
 Metaspace       used 94706K, capacity 97250K, committed 97484K, reserved 1134592K
  class space    used 12239K, capacity 13189K, committed 13312K, reserved 1048576K
}
Event: 19.171 GC heap before
{Heap before GC invocations=35 (full 0):
 garbage-first heap   total 420864K, used 339637K [0x0000000080000000, 0x0000000100000000)
  region size 1024K, 200 young (204800K), 21 survivors (21504K)
 Metaspace       used 94957K, capacity 97469K, committed 97740K, reserved 1134592K
  class space    used 12275K, capacity 13219K, committed 13312K, reserved 1048576K
}
Event: 19.200 GC heap after
{Heap after GC invocations=36 (full 0):
 garbage-first heap   total 420864K, used 163037K [0x0000000080000000, 0x0000000100000000)
  region size 1024K, 19 young (19456K), 19 survivors (19456K)
 Metaspace       used 94957K, capacity 97469K, committed 97740K, reserved 1134592K
  class space    used 12275K, capacity 13219K, committed 13312K, reserved 1048576K
}
Event: 19.498 GC heap before
{Heap before GC invocations=36 (full 0):
 garbage-first heap   total 420864K, used 345309K [0x0000000080000000, 0x0000000100000000)
  region size 1024K, 197 young (201728K), 19 survivors (19456K)
 Metaspace       used 94998K, capacity 97571K, committed 97868K, reserved 1134592K
  class space    used 12278K, capacity 13253K, committed 13440K, reserved 1048576K
}
Event: 19.520 GC heap after
{Heap after GC invocations=37 (full 0):
 garbage-first heap   total 420864K, used 165088K [0x0000000080000000, 0x0000000100000000)
  region size 1024K, 11 young (11264K), 11 survivors (11264K)
 Metaspace       used 94998K, capacity 97571K, committed 97868K, reserved 1134592K
  class space    used 12278K, capacity 13253K, committed 13440K, reserved 1048576K
}
Event: 19.826 GC heap before
{Heap before GC invocations=37 (full 0):
 garbage-first heap   total 420864K, used 351456K [0x0000000080000000, 0x0000000100000000)
  region size 1024K, 193 young (197632K), 11 survivors (11264K)
 Metaspace       used 95010K, capacity 97571K, committed 97868K, reserved 1134592K
  class space    used 12278K, capacity 13253K, committed 13440K, reserved 1048576K
}

