# JRE version: OpenJDK Runtime Environment (11.0.8+10) (build 11.0.8+10-b944.6842174)
# Java VM: OpenJDK 64-Bit Server VM (11.0.8+10-b944.6842174, mixed mode, tiered, compressed oops, g1 gc, windows-amd64)
Heap:
 garbage-first heap   total 416768K, used 134284K [0x0000000080000000, 0x0000000100000000)
  region size 1024K, 14 young (14336K), 14 survivors (14336K)
 Metaspace       used 95561K, capacity 98052K, committed 98304K, reserved 1134592K
  class space    used 12308K, capacity 13218K, committed 13312K, reserved 1048576K
GC Heap History (20 events):
Event: 17.498 GC heap after
{Heap after GC invocations=27 (full 0):
 garbage-first heap   total 227328K, used 118759K [0x0000000080000000, 0x0000000100000000)
  region size 1024K, 4 young (4096K), 4 survivors (4096K)
 Metaspace       used 92559K, capacity 94809K, committed 95616K, reserved 1132544K
  class space    used 12058K, capacity 12897K, committed 13184K, reserved 1048576K
}
Event: 17.791 GC heap before
{Heap before GC invocations=27 (full 0):
 garbage-first heap   total 227328K, used 179175K [0x0000000080000000, 0x0000000100000000)
  region size 1024K, 64 young (65536K), 4 survivors (4096K)
 Metaspace       used 92613K, capacity 94876K, committed 95616K, reserved 1132544K
  class space    used 12059K, capacity 12898K, committed 13184K, reserved 1048576K
}
Event: 17.801 GC heap after
{Heap after GC invocations=28 (full 0):
 garbage-first heap   total 227328K, used 119236K [0x0000000080000000, 0x0000000100000000)
  region size 1024K, 4 young (4096K), 4 survivors (4096K)
 Metaspace       used 92613K, capacity 94876K, committed 95616K, reserved 1132544K
  class space    used 12059K, capacity 12898K, committed 13184K, reserved 1048576K
}
Event: 18.252 GC heap before
{Heap before GC invocations=29 (full 0):
 garbage-first heap   total 227328K, used 181700K [0x0000000080000000, 0x0000000100000000)
  region size 1024K, 66 young (67584K), 4 survivors (4096K)
 Metaspace       used 92694K, capacity 94932K, committed 95872K, reserved 1132544K
  class space    used 12042K, capacity 12843K, committed 13184K, reserved 1048576K
}
Event: 18.262 GC heap after
{Heap after GC invocations=30 (full 0):
 garbage-first heap   total 273408K, used 119941K [0x0000000080000000, 0x0000000100000000)
  region size 1024K, 5 young (5120K), 5 survivors (5120K)
 Metaspace       used 92694K, capacity 94932K, committed 95872K, reserved 1132544K
  class space    used 12042K, capacity 12843K, committed 13184K, reserved 1048576K
}
Event: 18.538 GC heap before
{Heap before GC invocations=30 (full 0):
 garbage-first heap   total 273408K, used 203909K [0x0000000080000000, 0x0000000100000000)
  region size 1024K, 87 young (89088K), 5 survivors (5120K)
 Metaspace       used 92696K, capacity 94932K, committed 95872K, reserved 1132544K
  class space    used 12042K, capacity 12843K, committed 13184K, reserved 1048576K
}
Event: 18.547 GC heap after
{Heap after GC invocations=31 (full 0):
 garbage-first heap   total 273408K, used 121146K [0x0000000080000000, 0x0000000100000000)
  region size 1024K, 6 young (6144K), 6 survivors (6144K)
 Metaspace       used 92696K, capacity 94932K, committed 95872K, reserved 1132544K
  class space    used 12042K, capacity 12843K, committed 13184K, reserved 1048576K
}
Event: 18.890 GC heap before
{Heap before GC invocations=31 (full 0):
 garbage-first heap   total 273408K, used 219450K [0x0000000080000000, 0x0000000100000000)
  region size 1024K, 102 young (104448K), 6 survivors (6144K)
 Metaspace       used 92811K, capacity 95069K, committed 95872K, reserved 1132544K
  class space    used 12045K, capacity 12845K, committed 13184K, reserved 1048576K
}
Event: 18.902 GC heap after
{Heap after GC invocations=32 (full 0):
 garbage-first heap   total 273408K, used 123365K [0x0000000080000000, 0x0000000100000000)
  region size 1024K, 8 young (8192K), 8 survivors (8192K)
 Metaspace       used 92811K, capacity 95069K, committed 95872K, reserved 1132544K
  class space    used 12045K, capacity 12845K, committed 13184K, reserved 1048576K
}
Event: 19.258 GC heap before
{Heap before GC invocations=32 (full 0):
 garbage-first heap   total 273408K, used 221669K [0x0000000080000000, 0x0000000100000000)
  region size 1024K, 104 young (106496K), 8 survivors (8192K)
 Metaspace       used 93053K, capacity 95280K, committed 96128K, reserved 1132544K
  class space    used 12047K, capacity 12848K, committed 13184K, reserved 1048576K
}
Event: 19.274 GC heap after
{Heap after GC invocations=33 (full 0):
 garbage-first heap   total 273408K, used 125104K [0x0000000080000000, 0x0000000100000000)
  region size 1024K, 8 young (8192K), 8 survivors (8192K)
 Metaspace       used 93053K, capacity 95280K, committed 96128K, reserved 1132544K
  class space    used 12047K, capacity 12848K, committed 13184K, reserved 1048576K
}
Event: 19.770 GC heap before
{Heap before GC invocations=33 (full 0):
 garbage-first heap   total 273408K, used 224432K [0x0000000080000000, 0x0000000100000000)
  region size 1024K, 105 young (107520K), 8 survivors (8192K)
 Metaspace       used 94086K, capacity 96450K, committed 97024K, reserved 1132544K
  class space    used 12172K, capacity 13066K, committed 13312K, reserved 1048576K
}
Event: 19.787 GC heap after
{Heap after GC invocations=34 (full 0):
 garbage-first heap   total 328704K, used 126804K [0x0000000080000000, 0x0000000100000000)
  region size 1024K, 10 young (10240K), 10 survivors (10240K)
 Metaspace       used 94086K, capacity 96450K, committed 97024K, reserved 1132544K
  class space    used 12172K, capacity 13066K, committed 13312K, reserved 1048576K
}
Event: 20.182 GC heap before
{Heap before GC invocations=34 (full 0):
 garbage-first heap   total 328704K, used 256852K [0x0000000080000000, 0x0000000100000000)
  region size 1024K, 138 young (141312K), 10 survivors (10240K)
 Metaspace       used 95142K, capacity 97560K, committed 97792K, reserved 1134592K
  class space    used 12303K, capacity 13217K, committed 13312K, reserved 1048576K
}
Event: 20.197 GC heap after
{Heap after GC invocations=35 (full 0):
 garbage-first heap   total 328704K, used 129091K [0x0000000080000000, 0x0000000100000000)
  region size 1024K, 12 young (12288K), 12 survivors (12288K)
 Metaspace       used 95142K, capacity 97560K, committed 97792K, reserved 1134592K
  class space    used 12303K, capacity 13217K, committed 13312K, reserved 1048576K
}
Event: 20.521 GC heap before
{Heap before GC invocations=35 (full 0):
 garbage-first heap   total 328704K, used 274499K [0x0000000080000000, 0x0000000100000000)
  region size 1024K, 155 young (158720K), 12 survivors (12288K)
 Metaspace       used 95293K, capacity 97770K, committed 98048K, reserved 1134592K
  class space    used 12307K, capacity 13217K, committed 13312K, reserved 1048576K
}
Event: 20.543 GC heap after
{Heap after GC invocations=36 (full 0):
 garbage-first heap   total 328704K, used 130003K [0x0000000080000000, 0x0000000100000000)
  region size 1024K, 12 young (12288K), 12 survivors (12288K)
 Metaspace       used 95293K, capacity 97770K, committed 98048K, reserved 1134592K
  class space    used 12307K, capacity 13217K, committed 13312K, reserved 1048576K
}
Event: 20.900 GC heap before
{Heap before GC invocations=36 (full 0):
 garbage-first heap   total 328704K, used 277459K [0x0000000080000000, 0x0000000100000000)
  region size 1024K, 156 young (159744K), 12 survivors (12288K)
 Metaspace       used 95401K, capacity 97847K, committed 98048K, reserved 1134592K
  class space    used 12308K, capacity 13218K, committed 13312K, reserved 1048576K
}
Event: 20.919 GC heap after
{Heap after GC invocations=37 (full 0):
 garbage-first heap   total 328704K, used 131539K [0x0000000080000000, 0x0000000100000000)
  region size 1024K, 11 young (11264K), 11 survivors (11264K)
 Metaspace       used 95401K, capacity 97847K, committed 98048K, reserved 1134592K
  class space    used 12308K, capacity 13218K, committed 13312K, reserved 1048576K
}
Event: 21.257 GC heap before
{Heap before GC invocations=37 (full 0):
 garbage-first heap   total 328704K, used 277971K [0x0000000080000000, 0x0000000100000000)
  region size 1024K, 155 young (158720K), 11 survivors (11264K)
 Metaspace       used 95561K, capacity 98052K, committed 98304K, reserved 1134592K
  class space    used 12308K, capacity 13218K, committed 13312K, reserved 1048576K
}

