# JRE version: OpenJDK Runtime Environment (11.0.8+10) (build 11.0.8+10-b944.6842174)
# Java VM: OpenJDK 64-Bit Server VM (11.0.8+10-b944.6842174, mixed mode, tiered, compressed oops, g1 gc, windows-amd64)
Heap:
 garbage-first heap   total 353280K, used 149504K [0x0000000080000000, 0x0000000100000000)
  region size 1024K, 7 young (7168K), 7 survivors (7168K)
 Metaspace       used 98381K, capacity 100712K, committed 100992K, reserved 1136640K
  class space    used 12218K, capacity 13064K, committed 13184K, reserved 1048576K
GC Heap History (20 events):
Event: 28.127 GC heap after
{Heap after GC invocations=28 (full 0):
 garbage-first heap   total 189440K, used 82791K [0x0000000080000000, 0x0000000100000000)
  region size 1024K, 2 young (2048K), 2 survivors (2048K)
 Metaspace       used 90222K, capacity 92372K, committed 92672K, reserved 1130496K
  class space    used 11166K, capacity 11911K, committed 12032K, reserved 1048576K
}
Event: 28.773 GC heap before
{Heap before GC invocations=28 (full 0):
 garbage-first heap   total 189440K, used 150375K [0x0000000080000000, 0x0000000100000000)
  region size 1024K, 69 young (70656K), 2 survivors (2048K)
 Metaspace       used 91889K, capacity 94044K, committed 94336K, reserved 1132544K
  class space    used 11353K, capacity 12099K, committed 12160K, reserved 1048576K
}
Event: 28.781 GC heap after
{Heap after GC invocations=29 (full 0):
 garbage-first heap   total 189440K, used 86776K [0x0000000080000000, 0x0000000100000000)
  region size 1024K, 6 young (6144K), 6 survivors (6144K)
 Metaspace       used 91889K, capacity 94044K, committed 94336K, reserved 1132544K
  class space    used 11353K, capacity 12099K, committed 12160K, reserved 1048576K
}
Event: 29.134 GC heap before
{Heap before GC invocations=29 (full 0):
 garbage-first heap   total 189440K, used 147192K [0x0000000080000000, 0x0000000100000000)
  region size 1024K, 63 young (64512K), 6 survivors (6144K)
 Metaspace       used 92901K, capacity 95092K, committed 95232K, reserved 1132544K
  class space    used 11486K, capacity 12256K, committed 12288K, reserved 1048576K
}
Event: 29.148 GC heap after
{Heap after GC invocations=30 (full 0):
 garbage-first heap   total 189440K, used 93844K [0x0000000080000000, 0x0000000100000000)
  region size 1024K, 7 young (7168K), 7 survivors (7168K)
 Metaspace       used 92901K, capacity 95092K, committed 95232K, reserved 1132544K
  class space    used 11486K, capacity 12256K, committed 12288K, reserved 1048576K
}
Event: 29.461 GC heap before
{Heap before GC invocations=31 (full 0):
 garbage-first heap   total 189440K, used 157332K [0x0000000080000000, 0x0000000100000000)
  region size 1024K, 68 young (69632K), 7 survivors (7168K)
 Metaspace       used 93503K, capacity 95718K, committed 95872K, reserved 1132544K
  class space    used 11574K, capacity 12358K, committed 12416K, reserved 1048576K
}
Event: 29.475 GC heap after
{Heap after GC invocations=32 (full 0):
 garbage-first heap   total 189440K, used 99477K [0x0000000080000000, 0x0000000100000000)
  region size 1024K, 9 young (9216K), 9 survivors (9216K)
 Metaspace       used 93503K, capacity 95718K, committed 95872K, reserved 1132544K
  class space    used 11574K, capacity 12358K, committed 12416K, reserved 1048576K
}
Event: 29.480 GC heap before
{Heap before GC invocations=32 (full 0):
 garbage-first heap   total 189440K, used 100501K [0x0000000080000000, 0x0000000100000000)
  region size 1024K, 10 young (10240K), 9 survivors (9216K)
 Metaspace       used 93523K, capacity 95718K, committed 95872K, reserved 1132544K
  class space    used 11577K, capacity 12358K, committed 12416K, reserved 1048576K
}
Event: 29.489 GC heap after
{Heap after GC invocations=33 (full 0):
 garbage-first heap   total 189440K, used 94897K [0x0000000080000000, 0x0000000100000000)
  region size 1024K, 2 young (2048K), 2 survivors (2048K)
 Metaspace       used 93523K, capacity 95718K, committed 95872K, reserved 1132544K
  class space    used 11577K, capacity 12358K, committed 12416K, reserved 1048576K
}
Event: 29.609 GC heap before
{Heap before GC invocations=33 (full 0):
 garbage-first heap   total 189440K, used 152241K [0x0000000080000000, 0x0000000100000000)
  region size 1024K, 59 young (60416K), 2 survivors (2048K)
 Metaspace       used 94055K, capacity 96301K, committed 96512K, reserved 1132544K
  class space    used 11642K, capacity 12443K, committed 12544K, reserved 1048576K
}
Event: 29.617 GC heap after
{Heap after GC invocations=34 (full 0):
 garbage-first heap   total 189440K, used 106105K [0x0000000080000000, 0x0000000100000000)
  region size 1024K, 8 young (8192K), 8 survivors (8192K)
 Metaspace       used 94055K, capacity 96301K, committed 96512K, reserved 1132544K
  class space    used 11642K, capacity 12443K, committed 12544K, reserved 1048576K
}
Event: 29.887 GC heap before
{Heap before GC invocations=34 (full 0):
 garbage-first heap   total 189440K, used 151161K [0x0000000080000000, 0x0000000100000000)
  region size 1024K, 53 young (54272K), 8 survivors (8192K)
 Metaspace       used 94715K, capacity 96994K, committed 97152K, reserved 1134592K
  class space    used 11748K, capacity 12550K, committed 12672K, reserved 1048576K
}
Event: 29.894 GC heap after
{Heap after GC invocations=35 (full 0):
 garbage-first heap   total 227328K, used 112497K [0x0000000080000000, 0x0000000100000000)
  region size 1024K, 7 young (7168K), 7 survivors (7168K)
 Metaspace       used 94715K, capacity 96994K, committed 97152K, reserved 1134592K
  class space    used 11748K, capacity 12550K, committed 12672K, reserved 1048576K
}
Event: 30.271 GC heap before
{Heap before GC invocations=36 (full 0):
 garbage-first heap   total 227328K, used 179057K [0x0000000080000000, 0x0000000100000000)
  region size 1024K, 72 young (73728K), 7 survivors (7168K)
 Metaspace       used 96562K, capacity 98908K, committed 99200K, reserved 1136640K
  class space    used 12018K, capacity 12875K, committed 12928K, reserved 1048576K
}
Event: 30.291 GC heap after
{Heap after GC invocations=37 (full 0):
 garbage-first heap   total 227328K, used 119321K [0x0000000080000000, 0x0000000100000000)
  region size 1024K, 9 young (9216K), 9 survivors (9216K)
 Metaspace       used 96562K, capacity 98908K, committed 99200K, reserved 1136640K
  class space    used 12018K, capacity 12875K, committed 12928K, reserved 1048576K
}
Event: 30.510 GC heap before
{Heap before GC invocations=37 (full 0):
 garbage-first heap   total 227328K, used 179737K [0x0000000080000000, 0x0000000100000000)
  region size 1024K, 68 young (69632K), 9 survivors (9216K)
 Metaspace       used 96963K, capacity 99342K, committed 99584K, reserved 1136640K
  class space    used 12070K, capacity 12932K, committed 13056K, reserved 1048576K
}
Event: 30.540 GC heap after
{Heap after GC invocations=38 (full 0):
 garbage-first heap   total 227328K, used 131630K [0x0000000080000000, 0x0000000100000000)
  region size 1024K, 9 young (9216K), 9 survivors (9216K)
 Metaspace       used 96963K, capacity 99342K, committed 99584K, reserved 1136640K
  class space    used 12070K, capacity 12932K, committed 13056K, reserved 1048576K
}
Event: 30.864 GC heap before
{Heap before GC invocations=38 (full 0):
 garbage-first heap   total 227328K, used 179758K [0x0000000080000000, 0x0000000100000000)
  region size 1024K, 57 young (58368K), 9 survivors (9216K)
 Metaspace       used 97941K, capacity 100256K, committed 100736K, reserved 1136640K
  class space    used 12180K, capacity 13016K, committed 13184K, reserved 1048576K
}
Event: 30.888 GC heap after
{Heap after GC invocations=39 (full 0):
 garbage-first heap   total 227328K, used 142061K [0x0000000080000000, 0x0000000100000000)
  region size 1024K, 8 young (8192K), 8 survivors (8192K)
 Metaspace       used 97941K, capacity 100256K, committed 100736K, reserved 1136640K
  class space    used 12180K, capacity 13016K, committed 13184K, reserved 1048576K
}
Event: 31.049 GC heap before
{Heap before GC invocations=40 (full 0):
 garbage-first heap   total 227328K, used 183021K [0x0000000080000000, 0x0000000100000000)
  region size 1024K, 49 young (50176K), 8 survivors (8192K)
 Metaspace       used 98381K, capacity 100712K, committed 100992K, reserved 1136640K
  class space    used 12218K, capacity 13064K, committed 13184K, reserved 1048576K
}

