# JRE version: OpenJDK Runtime Environment (11.0.8+10) (build 11.0.8+10-b944.6842174)
# Java VM: OpenJDK 64-Bit Server VM (11.0.8+10-b944.6842174, mixed mode, tiered, compressed oops, g1 gc, windows-amd64)
Heap:
 garbage-first heap   total 525312K, used 178689K [0x0000000080000000, 0x0000000100000000)
  region size 1024K, 2 young (2048K), 2 survivors (2048K)
 Metaspace       used 113024K, capacity 116074K, committed 116180K, reserved 1150976K
  class space    used 14346K, capacity 15482K, committed 15488K, reserved 1048576K
GC Heap History (20 events):
Event: 25.297 GC heap after
{Heap after GC invocations=34 (full 0):
 garbage-first heap   total 227328K, used 135887K [0x0000000080000000, 0x0000000100000000)
  region size 1024K, 2 young (2048K), 2 survivors (2048K)
 Metaspace       used 107152K, capacity 110040K, committed 110292K, reserved 1144832K
  class space    used 13581K, capacity 14628K, committed 14720K, reserved 1048576K
}
Event: 25.496 GC heap before
{Heap before GC invocations=34 (full 0):
 garbage-first heap   total 227328K, used 179919K [0x0000000080000000, 0x0000000100000000)
  region size 1024K, 45 young (46080K), 2 survivors (2048K)
 Metaspace       used 107859K, capacity 110841K, committed 111188K, reserved 1146880K
  class space    used 13663K, capacity 14740K, committed 14848K, reserved 1048576K
}
Event: 25.512 GC heap after
{Heap after GC invocations=35 (full 0):
 garbage-first heap   total 227328K, used 145549K [0x0000000080000000, 0x0000000100000000)
  region size 1024K, 6 young (6144K), 6 survivors (6144K)
 Metaspace       used 107859K, capacity 110841K, committed 111188K, reserved 1146880K
  class space    used 13663K, capacity 14740K, committed 14848K, reserved 1048576K
}
Event: 25.720 GC heap before
{Heap before GC invocations=35 (full 0):
 garbage-first heap   total 227328K, used 181389K [0x0000000080000000, 0x0000000100000000)
  region size 1024K, 42 young (43008K), 6 survivors (6144K)
 Metaspace       used 108065K, capacity 111041K, committed 111188K, reserved 1146880K
  class space    used 13678K, capacity 14740K, committed 14848K, reserved 1048576K
}
Event: 25.742 GC heap after
{Heap after GC invocations=36 (full 0):
 garbage-first heap   total 227328K, used 154208K [0x0000000080000000, 0x0000000100000000)
  region size 1024K, 6 young (6144K), 6 survivors (6144K)
 Metaspace       used 108065K, capacity 111041K, committed 111188K, reserved 1146880K
  class space    used 13678K, capacity 14740K, committed 14848K, reserved 1048576K
}
Event: 25.911 GC heap before
{Heap before GC invocations=36 (full 0):
 garbage-first heap   total 227328K, used 185952K [0x0000000080000000, 0x0000000100000000)
  region size 1024K, 37 young (37888K), 6 survivors (6144K)
 Metaspace       used 108766K, capacity 111698K, committed 111956K, reserved 1146880K
  class space    used 13762K, capacity 14837K, committed 14848K, reserved 1048576K
}
Event: 25.932 GC heap after
{Heap after GC invocations=37 (full 0):
 garbage-first heap   total 227328K, used 160939K [0x0000000080000000, 0x0000000100000000)
  region size 1024K, 5 young (5120K), 5 survivors (5120K)
 Metaspace       used 108766K, capacity 111698K, committed 111956K, reserved 1146880K
  class space    used 13762K, capacity 14837K, committed 14848K, reserved 1048576K
}
Event: 26.019 GC heap before
{Heap before GC invocations=38 (full 0):
 garbage-first heap   total 227328K, used 187563K [0x0000000080000000, 0x0000000100000000)
  region size 1024K, 32 young (32768K), 5 survivors (5120K)
 Metaspace       used 109122K, capacity 112131K, committed 112340K, reserved 1146880K
  class space    used 13828K, capacity 14918K, committed 14976K, reserved 1048576K
}
Event: 26.037 GC heap after
{Heap after GC invocations=39 (full 0):
 garbage-first heap   total 227328K, used 167088K [0x0000000080000000, 0x0000000100000000)
  region size 1024K, 4 young (4096K), 4 survivors (4096K)
 Metaspace       used 109122K, capacity 112131K, committed 112340K, reserved 1146880K
  class space    used 13828K, capacity 14918K, committed 14976K, reserved 1048576K
}
Event: 26.056 GC heap before
{Heap before GC invocations=39 (full 0):
 garbage-first heap   total 227328K, used 173232K [0x0000000080000000, 0x0000000100000000)
  region size 1024K, 11 young (11264K), 4 survivors (4096K)
 Metaspace       used 109316K, capacity 112291K, committed 112340K, reserved 1146880K
  class space    used 13860K, capacity 14950K, committed 14976K, reserved 1048576K
}
Event: 26.072 GC heap after
{Heap after GC invocations=40 (full 0):
 garbage-first heap   total 227328K, used 167702K [0x0000000080000000, 0x0000000100000000)
  region size 1024K, 2 young (2048K), 2 survivors (2048K)
 Metaspace       used 109316K, capacity 112291K, committed 112340K, reserved 1146880K
  class space    used 13860K, capacity 14950K, committed 14976K, reserved 1048576K
}
Event: 26.153 GC heap before
{Heap before GC invocations=40 (full 0):
 garbage-first heap   total 227328K, used 191254K [0x0000000080000000, 0x0000000100000000)
  region size 1024K, 25 young (25600K), 2 survivors (2048K)
 Metaspace       used 110091K, capacity 113088K, committed 113236K, reserved 1146880K
  class space    used 14007K, capacity 15090K, committed 15104K, reserved 1048576K
}
Event: 26.171 GC heap after
{Heap after GC invocations=41 (full 0):
 garbage-first heap   total 311296K, used 171957K [0x0000000080000000, 0x0000000100000000)
  region size 1024K, 4 young (4096K), 4 survivors (4096K)
 Metaspace       used 110091K, capacity 113088K, committed 113236K, reserved 1146880K
  class space    used 14007K, capacity 15090K, committed 15104K, reserved 1048576K
}
Event: 26.773 GC heap before
{Heap before GC invocations=42 (full 0):
 garbage-first heap   total 311296K, used 234421K [0x0000000080000000, 0x0000000100000000)
  region size 1024K, 65 young (66560K), 4 survivors (4096K)
 Metaspace       used 112143K, capacity 115204K, committed 115412K, reserved 1148928K
  class space    used 14291K, capacity 15407K, committed 15488K, reserved 1048576K
}
Event: 26.788 GC heap after
{Heap after GC invocations=43 (full 0):
 garbage-first heap   total 311296K, used 175859K [0x0000000080000000, 0x0000000100000000)
  region size 1024K, 8 young (8192K), 8 survivors (8192K)
 Metaspace       used 112143K, capacity 115204K, committed 115412K, reserved 1148928K
  class space    used 14291K, capacity 15407K, committed 15488K, reserved 1048576K
}
Event: 27.113 GC heap before
{Heap before GC invocations=43 (full 0):
 garbage-first heap   total 311296K, used 239347K [0x0000000080000000, 0x0000000100000000)
  region size 1024K, 70 young (71680K), 8 survivors (8192K)
 Metaspace       used 112897K, capacity 115961K, committed 116180K, reserved 1150976K
  class space    used 14340K, capacity 15444K, committed 15488K, reserved 1048576K
}
Event: 27.130 GC heap after
{Heap after GC invocations=44 (full 0):
 garbage-first heap   total 311296K, used 178025K [0x0000000080000000, 0x0000000100000000)
  region size 1024K, 7 young (7168K), 7 survivors (7168K)
 Metaspace       used 112897K, capacity 115961K, committed 116180K, reserved 1150976K
  class space    used 14340K, capacity 15444K, committed 15488K, reserved 1048576K
}
Event: 27.684 GC heap before
{Heap before GC invocations=45 (full 0):
 garbage-first heap   total 311296K, used 243561K [0x0000000080000000, 0x0000000100000000)
  region size 1024K, 71 young (72704K), 7 survivors (7168K)
 Metaspace       used 113021K, capacity 116069K, committed 116180K, reserved 1150976K
  class space    used 14345K, capacity 15480K, committed 15488K, reserved 1048576K
}
Event: 27.696 GC heap after
{Heap after GC invocations=46 (full 0):
 garbage-first heap   total 311296K, used 179192K [0x0000000080000000, 0x0000000100000000)
  region size 1024K, 4 young (4096K), 4 survivors (4096K)
 Metaspace       used 113021K, capacity 116069K, committed 116180K, reserved 1150976K
  class space    used 14345K, capacity 15480K, committed 15488K, reserved 1048576K
}
Event: 27.743 GC heap before
{Heap before GC invocations=46 (full 0):
 garbage-first heap   total 311296K, used 189432K [0x0000000080000000, 0x0000000100000000)
  region size 1024K, 15 young (15360K), 4 survivors (4096K)
 Metaspace       used 113024K, capacity 116074K, committed 116180K, reserved 1150976K
  class space    used 14346K, capacity 15482K, committed 15488K, reserved 1048576K
}

